Compiling the C compiler identification source file "CMakeCCompilerId.c" failed.
Compiler: /Applications/Xcode.app/Contents/Developer/Toolchains/XcodeDefault.xctoolchain/usr/bin/cc 
Build flags: 
Id flags:  

The output was:
1
ld: library not found for -lSystem
clang: error: linker command failed with exit code 1 (use -v to see invocation)


Compiling the CXX compiler identification source file "CMakeCXXCompilerId.cpp" failed.
Compiler: /Applications/Xcode.app/Contents/Developer/Toolchains/XcodeDefault.xctoolchain/usr/bin/c++ 
Build flags: 
Id flags:  

The output was:
1
ld: library not found for -lc++
clang: error: linker command failed with exit code 1 (use -v to see invocation)


Determining if the C compiler works failed with the following output:
Change Dir: /Users/eliasyao/Documents/github/jdk12/cmake-build-debug/CMakeFiles/CMakeTmp

Run Build Command(s):/usr/bin/make cmTC_57b56/fast && /Library/Developer/CommandLineTools/usr/bin/make  -f CMakeFiles/cmTC_57b56.dir/build.make CMakeFiles/cmTC_57b56.dir/build
Building C object CMakeFiles/cmTC_57b56.dir/testCCompiler.c.o
/Applications/Xcode.app/Contents/Developer/Toolchains/XcodeDefault.xctoolchain/usr/bin/cc    -o CMakeFiles/cmTC_57b56.dir/testCCompiler.c.o   -c /Users/eliasyao/Documents/github/jdk12/cmake-build-debug/CMakeFiles/CMakeTmp/testCCompiler.c
Linking C executable cmTC_57b56
"/Users/eliasyao/Library/Application Support/JetBrains/Toolbox/apps/CLion/ch-0/203.7148.70/CLion.app/Contents/bin/cmake/mac/bin/cmake" -E cmake_link_script CMakeFiles/cmTC_57b56.dir/link.txt --verbose=1
/Applications/Xcode.app/Contents/Developer/Toolchains/XcodeDefault.xctoolchain/usr/bin/cc   -Wl,-search_paths_first -Wl,-headerpad_max_install_names   CMakeFiles/cmTC_57b56.dir/testCCompiler.c.o  -o cmTC_57b56 
ld: library not found for -lSystem
clang: error: linker command failed with exit code 1 (use -v to see invocation)
make[1]: *** [cmTC_57b56] Error 1
make: *** [cmTC_57b56/fast] Error 2



